# JRE version: Java(TM) SE Runtime Environment (19.0.1+10) (build 19.0.1+10-21)
# Java VM: Java HotSpot(TM) 64-Bit Server VM (19.0.1+10-21, mixed mode, sharing, tiered, compressed oops, compressed class ptrs, g1 gc, windows-amd64)
GC Precious Log:
 CardTable entry size: 512
 Card Set container configuration: InlinePtr #cards 5 size 8 Array Of Cards #cards 12 size 40 Howl #buckets 4 coarsen threshold 1843 Howl Bitmap #cards 512 size 80 coarsen threshold 460 Card regions per heap region 1 cards per card region 2048
 CPUs: 4 total, 4 available
 Memory: 3933M
 Large Page Support: Disabled
 NUMA Support: Disabled
 Compressed Oops: Enabled (32-bit)
 Heap Region Size: 1M
 Heap Min Capacity: 8M
 Heap Initial Capacity: 62M
 Heap Max Capacity: 984M
 Pre-touch: Disabled
 Parallel Workers: 4
 Concurrent Workers: 1
 Concurrent Refinement Workers: 4
 Periodic GC: Disabled
Heap:
 garbage-first heap   total 418816K, used 286208K [0x00000000c2800000, 0x0000000100000000)
  region size 1024K, 10 young (10240K), 10 survivors (10240K)
 Metaspace       used 69182K, committed 70080K, reserved 1114112K
  class space    used 7835K, committed 8320K, reserved 1048576K
GC Heap History (20 events):
Event: 31.513 GC heap after
{Heap after GC invocations=49 (full 0):
 garbage-first heap   total 319488K, used 211921K [0x00000000c2800000, 0x0000000100000000)
  region size 1024K, 9 young (9216K), 9 survivors (9216K)
 Metaspace       used 68784K, committed 69696K, reserved 1114112K
  class space    used 7805K, committed 8256K, reserved 1048576K
}
Event: 31.706 GC heap before
{Heap before GC invocations=49 (full 0):
 garbage-first heap   total 319488K, used 270289K [0x00000000c2800000, 0x0000000100000000)
  region size 1024K, 64 young (65536K), 9 survivors (9216K)
 Metaspace       used 68786K, committed 69696K, reserved 1114112K
  class space    used 7806K, committed 8256K, reserved 1048576K
}
Event: 31.728 GC heap after
{Heap after GC invocations=50 (full 0):
 garbage-first heap   total 319488K, used 222836K [0x00000000c2800000, 0x0000000100000000)
  region size 1024K, 8 young (8192K), 8 survivors (8192K)
 Metaspace       used 68786K, committed 69696K, reserved 1114112K
  class space    used 7806K, committed 8256K, reserved 1048576K
}
Event: 31.928 GC heap before
{Heap before GC invocations=50 (full 0):
 garbage-first heap   total 319488K, used 270964K [0x00000000c2800000, 0x0000000100000000)
  region size 1024K, 55 young (56320K), 8 survivors (8192K)
 Metaspace       used 68786K, committed 69696K, reserved 1114112K
  class space    used 7806K, committed 8256K, reserved 1048576K
}
Event: 31.942 GC heap after
{Heap after GC invocations=51 (full 0):
 garbage-first heap   total 319488K, used 226478K [0x00000000c2800000, 0x0000000100000000)
  region size 1024K, 4 young (4096K), 4 survivors (4096K)
 Metaspace       used 68786K, committed 69696K, reserved 1114112K
  class space    used 7806K, committed 8256K, reserved 1048576K
}
Event: 32.096 GC heap before
{Heap before GC invocations=51 (full 0):
 garbage-first heap   total 319488K, used 271534K [0x00000000c2800000, 0x0000000100000000)
  region size 1024K, 48 young (49152K), 4 survivors (4096K)
 Metaspace       used 68787K, committed 69696K, reserved 1114112K
  class space    used 7806K, committed 8256K, reserved 1048576K
}
Event: 32.114 GC heap after
{Heap after GC invocations=52 (full 0):
 garbage-first heap   total 392192K, used 229756K [0x00000000c2800000, 0x0000000100000000)
  region size 1024K, 6 young (6144K), 6 survivors (6144K)
 Metaspace       used 68787K, committed 69696K, reserved 1114112K
  class space    used 7806K, committed 8256K, reserved 1048576K
}
Event: 33.165 GC heap before
{Heap before GC invocations=52 (full 0):
 garbage-first heap   total 392192K, used 322940K [0x00000000c2800000, 0x0000000100000000)
  region size 1024K, 97 young (99328K), 6 survivors (6144K)
 Metaspace       used 68787K, committed 69696K, reserved 1114112K
  class space    used 7806K, committed 8256K, reserved 1048576K
}
Event: 33.183 GC heap after
{Heap after GC invocations=53 (full 0):
 garbage-first heap   total 392192K, used 237139K [0x00000000c2800000, 0x0000000100000000)
  region size 1024K, 13 young (13312K), 13 survivors (13312K)
 Metaspace       used 68787K, committed 69696K, reserved 1114112K
  class space    used 7806K, committed 8256K, reserved 1048576K
}
Event: 34.197 GC heap before
{Heap before GC invocations=54 (full 0):
 garbage-first heap   total 418816K, used 325203K [0x00000000c2800000, 0x0000000100000000)
  region size 1024K, 99 young (101376K), 13 survivors (13312K)
 Metaspace       used 68787K, committed 69696K, reserved 1114112K
  class space    used 7806K, committed 8256K, reserved 1048576K
}
Event: 34.269 GC heap after
{Heap after GC invocations=55 (full 0):
 garbage-first heap   total 418816K, used 245861K [0x00000000c2800000, 0x0000000100000000)
  region size 1024K, 9 young (9216K), 9 survivors (9216K)
 Metaspace       used 68787K, committed 69696K, reserved 1114112K
  class space    used 7806K, committed 8256K, reserved 1048576K
}
Event: 34.811 GC heap before
{Heap before GC invocations=55 (full 0):
 garbage-first heap   total 418816K, used 257125K [0x00000000c2800000, 0x0000000100000000)
  region size 1024K, 20 young (20480K), 9 survivors (9216K)
 Metaspace       used 68949K, committed 69888K, reserved 1114112K
  class space    used 7830K, committed 8320K, reserved 1048576K
}
Event: 34.835 GC heap after
{Heap after GC invocations=56 (full 0):
 garbage-first heap   total 418816K, used 241229K [0x00000000c2800000, 0x0000000100000000)
  region size 1024K, 2 young (2048K), 2 survivors (2048K)
 Metaspace       used 68949K, committed 69888K, reserved 1114112K
  class space    used 7830K, committed 8320K, reserved 1048576K
}
Event: 37.094 GC heap before
{Heap before GC invocations=56 (full 0):
 garbage-first heap   total 418816K, used 347725K [0x00000000c2800000, 0x0000000100000000)
  region size 1024K, 106 young (108544K), 2 survivors (2048K)
 Metaspace       used 69172K, committed 70080K, reserved 1114112K
  class space    used 7835K, committed 8320K, reserved 1048576K
}
Event: 37.141 GC heap after
{Heap after GC invocations=57 (full 0):
 garbage-first heap   total 418816K, used 262144K [0x00000000c2800000, 0x0000000100000000)
  region size 1024K, 14 young (14336K), 14 survivors (14336K)
 Metaspace       used 69172K, committed 70080K, reserved 1114112K
  class space    used 7835K, committed 8320K, reserved 1048576K
}
Event: 37.561 GC heap before
{Heap before GC invocations=57 (full 0):
 garbage-first heap   total 418816K, used 346112K [0x00000000c2800000, 0x0000000100000000)
  region size 1024K, 96 young (98304K), 14 survivors (14336K)
 Metaspace       used 69182K, committed 70080K, reserved 1114112K
  class space    used 7835K, committed 8320K, reserved 1048576K
}
Event: 37.603 GC heap after
{Heap after GC invocations=58 (full 0):
 garbage-first heap   total 418816K, used 274432K [0x00000000c2800000, 0x0000000100000000)
  region size 1024K, 11 young (11264K), 11 survivors (11264K)
 Metaspace       used 69182K, committed 70080K, reserved 1114112K
  class space    used 7835K, committed 8320K, reserved 1048576K
}
Event: 37.847 GC heap before
{Heap before GC invocations=58 (full 0):
 garbage-first heap   total 418816K, used 349184K [0x00000000c2800000, 0x0000000100000000)
  region size 1024K, 84 young (86016K), 11 survivors (11264K)
 Metaspace       used 69182K, committed 70080K, reserved 1114112K
  class space    used 7835K, committed 8320K, reserved 1048576K
}
Event: 37.888 GC heap after
{Heap after GC invocations=59 (full 0):
 garbage-first heap   total 418816K, used 278528K [0x00000000c2800000, 0x0000000100000000)
  region size 1024K, 4 young (4096K), 4 survivors (4096K)
 Metaspace       used 69182K, committed 70080K, reserved 1114112K
  class space    used 7835K, committed 8320K, reserved 1048576K
}
Event: 38.713 GC heap before
{Heap before GC invocations=59 (full 0):
 garbage-first heap   total 418816K, used 353280K [0x00000000c2800000, 0x0000000100000000)
  region size 1024K, 77 young (78848K), 4 survivors (4096K)
 Metaspace       used 69182K, committed 70080K, reserved 1114112K
  class space    used 7835K, committed 8320K, reserved 1048576K
}

